2014-08-19 17:36:55 Warning: Warning (2): copy() [<a href='http://php.net/function.copy'>function.copy</a>]: Unable to access C:/Program Files/xampp/htdocs/tesis/webroot/files/1408486015_TEMA_7_-_SCORM.pdf in [/home/rubencam/public_html/tesis/controllers/items_controller.php, line 237]
2014-08-19 17:36:55 Warning: Warning (2): copy(C:/Program Files/xampp/htdocs/tesis/webroot/files/1408486015_TEMA_7_-_SCORM.pdf) [<a href='http://php.net/function.copy'>function.copy</a>]: failed to open stream: No such file or directory in [/home/rubencam/public_html/tesis/controllers/items_controller.php, line 237]
2014-08-19 17:36:57 Warning: Warning (2): Cannot modify header information - headers already sent by (output started at /home/rubencam/public_html/cakephp-1.3.17/cake/libs/debugger.php:686) in [/home/rubencam/public_html/cakephp-1.3.17/cake/libs/controller/controller.php, line 742]
2014-08-19 17:48:56 Warning: Warning (2): copy() [<a href='http://php.net/function.copy'>function.copy</a>]: Unable to access C:/Program Files/xampp/htdocs/tesis/webroot/files/1408486736_TEMA_7_-_SCORM.pdf in [/home/rubencam/public_html/tesis/controllers/items_controller.php, line 237]
2014-08-19 17:48:56 Warning: Warning (2): copy(C:/Program Files/xampp/htdocs/tesis/webroot/files/1408486736_TEMA_7_-_SCORM.pdf) [<a href='http://php.net/function.copy'>function.copy</a>]: failed to open stream: No such file or directory in [/home/rubencam/public_html/tesis/controllers/items_controller.php, line 237]
2014-08-19 17:48:56 Warning: Warning (2): Cannot modify header information - headers already sent by (output started at /home/rubencam/public_html/cakephp-1.3.17/cake/libs/debugger.php:686) in [/home/rubencam/public_html/cakephp-1.3.17/cake/libs/controller/controller.php, line 742]
2014-08-25 10:29:31 Warning: Warning (2): copy() [<a href='http://php.net/function.copy'>function.copy</a>]: Unable to access C:/Program Files (x86)/Apache Software Foundation/Apache2.2/htdocs/bvmjm/webroot/covers/1408978770_jjbenitez misociofavorito.jpg in [/home/rubencam/public_html/tesis/controllers/books_controller.php, line 440]
2014-08-25 10:29:31 Warning: Warning (2): copy(C:/Program Files (x86)/Apache Software Foundation/Apache2.2/htdocs/bvmjm/webroot/covers/1408978770_jjbenitez misociofavorito.jpg) [<a href='http://php.net/function.copy'>function.copy</a>]: failed to open stream: No such file or directory in [/home/rubencam/public_html/tesis/controllers/books_controller.php, line 440]
2014-08-25 10:29:31 Warning: Warning (2): copy() [<a href='http://php.net/function.copy'>function.copy</a>]: Unable to access C:/Program Files (x86)/Apache Software Foundation/Apache2.2/htdocs/bvmjm/webroot/files/1408978770_JJ_Benitez__Mi_Socio_Favorito.pdf in [/home/rubencam/public_html/tesis/controllers/books_controller.php, line 447]
2014-08-25 10:29:31 Warning: Warning (2): copy(C:/Program Files (x86)/Apache Software Foundation/Apache2.2/htdocs/bvmjm/webroot/files/1408978770_JJ_Benitez__Mi_Socio_Favorito.pdf) [<a href='http://php.net/function.copy'>function.copy</a>]: failed to open stream: No such file or directory in [/home/rubencam/public_html/tesis/controllers/books_controller.php, line 447]
2014-08-25 10:29:31 Warning: Warning (2): Cannot modify header information - headers already sent by (output started at /home/rubencam/public_html/cakephp-1.3.20/cake/libs/debugger.php:686) in [/home/rubencam/public_html/cakephp-1.3.20/cake/libs/controller/controller.php, line 742]
2014-08-25 10:38:51 Warning: Warning (2): Cannot modify header information - headers already sent by (output started at /home/rubencam/public_html/cakephp-1.3.20/cake/libs/debugger.php:686) in [/home/rubencam/public_html/cakephp-1.3.20/cake/libs/controller/controller.php, line 742]
2014-08-25 10:40:06 Warning: Warning (2): copy() [<a href='http://php.net/function.copy'>function.copy</a>]: Unable to access /public_html/tesis/webroot/covers/1408979406_jjbenitez misociofavorito.jpg in [/home/rubencam/public_html/tesis/controllers/books_controller.php, line 441]
2014-08-25 10:40:06 Warning: Warning (2): copy(/public_html/tesis/webroot/covers/1408979406_jjbenitez misociofavorito.jpg) [<a href='http://php.net/function.copy'>function.copy</a>]: failed to open stream: No such file or directory in [/home/rubencam/public_html/tesis/controllers/books_controller.php, line 441]
2014-08-25 10:40:06 Warning: Warning (2): copy() [<a href='http://php.net/function.copy'>function.copy</a>]: Unable to access /public_html/tesis/webroot/files/1408979406_JJ_Benitez__Mi_Socio_Favorito.pdf in [/home/rubencam/public_html/tesis/controllers/books_controller.php, line 449]
2014-08-25 10:40:06 Warning: Warning (2): copy(/public_html/tesis/webroot/files/1408979406_JJ_Benitez__Mi_Socio_Favorito.pdf) [<a href='http://php.net/function.copy'>function.copy</a>]: failed to open stream: No such file or directory in [/home/rubencam/public_html/tesis/controllers/books_controller.php, line 449]
2014-08-25 10:40:07 Warning: Warning (2): Cannot modify header information - headers already sent by (output started at /home/rubencam/public_html/cakephp-1.3.20/cake/libs/debugger.php:686) in [/home/rubencam/public_html/cakephp-1.3.20/cake/libs/controller/controller.php, line 742]
2014-09-12 10:49:43 Warning: Warning (2): Cannot unset offset in a non-array variable in [/home/rubencam/public_html/tesis/views/books/marc21.ctp, line 53]
2014-09-12 10:49:44 Warning: Warning (2): Cannot unset offset in a non-array variable in [/home/rubencam/public_html/tesis/views/books/marc21.ctp, line 54]
2014-09-12 10:49:44 Warning: Warning (2): Cannot unset offset in a non-array variable in [/home/rubencam/public_html/tesis/views/books/marc21.ctp, line 55]
2014-09-12 10:49:44 Warning: Warning (2): Cannot unset offset in a non-array variable in [/home/rubencam/public_html/tesis/views/books/marc21.ctp, line 56]
2014-09-12 10:49:44 Warning: Warning (2): Cannot unset offset in a non-array variable in [/home/rubencam/public_html/tesis/views/books/marc21.ctp, line 57]
2014-09-12 10:49:44 Warning: Warning (2): Cannot unset offset in a non-array variable in [/home/rubencam/public_html/tesis/views/books/marc21.ctp, line 58]
2014-09-12 10:49:44 Warning: Warning (2): Cannot unset offset in a non-array variable in [/home/rubencam/public_html/tesis/views/books/marc21.ctp, line 59]
2014-09-12 10:49:44 Warning: Warning (2): Cannot unset offset in a non-array variable in [/home/rubencam/public_html/tesis/views/books/marc21.ctp, line 60]
2014-09-12 10:49:44 Warning: Warning (2): Cannot unset offset in a non-array variable in [/home/rubencam/public_html/tesis/views/books/marc21.ctp, line 61]
2014-09-12 10:49:44 Warning: Warning (2): Cannot unset offset in a non-array variable in [/home/rubencam/public_html/tesis/views/books/marc21.ctp, line 62]
2014-09-12 10:49:44 Warning: Warning (2): Cannot unset offset in a non-array variable in [/home/rubencam/public_html/tesis/views/books/marc21.ctp, line 63]
2014-09-12 10:49:44 Warning: Warning (2): Cannot unset offset in a non-array variable in [/home/rubencam/public_html/tesis/views/books/marc21.ctp, line 64]
2014-09-12 10:49:44 Warning: Warning (2): Cannot unset offset in a non-array variable in [/home/rubencam/public_html/tesis/views/books/marc21.ctp, line 65]
2014-09-12 10:49:44 Warning: Warning (2): Invalid argument supplied for foreach() in [/home/rubencam/public_html/tesis/views/books/marc21.ctp, line 67]
2014-09-12 10:49:46 Warning: Warning (2): Cannot unset offset in a non-array variable in [/home/rubencam/public_html/tesis/views/books/marc21.ctp, line 53]
2014-09-12 10:49:46 Warning: Warning (2): Cannot unset offset in a non-array variable in [/home/rubencam/public_html/tesis/views/books/marc21.ctp, line 54]
2014-09-12 10:49:46 Warning: Warning (2): Cannot unset offset in a non-array variable in [/home/rubencam/public_html/tesis/views/books/marc21.ctp, line 55]
2014-09-12 10:49:46 Warning: Warning (2): Cannot unset offset in a non-array variable in [/home/rubencam/public_html/tesis/views/books/marc21.ctp, line 56]
2014-09-12 10:49:46 Warning: Warning (2): Cannot unset offset in a non-array variable in [/home/rubencam/public_html/tesis/views/books/marc21.ctp, line 57]
2014-09-12 10:49:46 Warning: Warning (2): Cannot unset offset in a non-array variable in [/home/rubencam/public_html/tesis/views/books/marc21.ctp, line 58]
2014-09-12 10:49:46 Warning: Warning (2): Cannot unset offset in a non-array variable in [/home/rubencam/public_html/tesis/views/books/marc21.ctp, line 59]
2014-09-12 10:49:46 Warning: Warning (2): Cannot unset offset in a non-array variable in [/home/rubencam/public_html/tesis/views/books/marc21.ctp, line 60]
2014-09-12 10:49:46 Warning: Warning (2): Cannot unset offset in a non-array variable in [/home/rubencam/public_html/tesis/views/books/marc21.ctp, line 61]
2014-09-12 10:49:46 Warning: Warning (2): Cannot unset offset in a non-array variable in [/home/rubencam/public_html/tesis/views/books/marc21.ctp, line 62]
2014-09-12 10:49:46 Warning: Warning (2): Cannot unset offset in a non-array variable in [/home/rubencam/public_html/tesis/views/books/marc21.ctp, line 63]
2014-09-12 10:49:46 Warning: Warning (2): Cannot unset offset in a non-array variable in [/home/rubencam/public_html/tesis/views/books/marc21.ctp, line 64]
2014-09-12 10:49:46 Warning: Warning (2): Cannot unset offset in a non-array variable in [/home/rubencam/public_html/tesis/views/books/marc21.ctp, line 65]
2014-09-12 10:49:46 Warning: Warning (2): Invalid argument supplied for foreach() in [/home/rubencam/public_html/tesis/views/books/marc21.ctp, line 67]
2014-09-14 16:24:47 Warning: Warning (2): Cannot unset offset in a non-array variable in [/home/rubencam/public_html/tesis/views/books/marc21.ctp, line 53]
2014-09-14 16:24:47 Warning: Warning (2): Cannot unset offset in a non-array variable in [/home/rubencam/public_html/tesis/views/books/marc21.ctp, line 54]
2014-09-14 16:24:47 Warning: Warning (2): Cannot unset offset in a non-array variable in [/home/rubencam/public_html/tesis/views/books/marc21.ctp, line 55]
2014-09-14 16:24:47 Warning: Warning (2): Cannot unset offset in a non-array variable in [/home/rubencam/public_html/tesis/views/books/marc21.ctp, line 56]
2014-09-14 16:24:47 Warning: Warning (2): Cannot unset offset in a non-array variable in [/home/rubencam/public_html/tesis/views/books/marc21.ctp, line 57]
2014-09-14 16:24:47 Warning: Warning (2): Cannot unset offset in a non-array variable in [/home/rubencam/public_html/tesis/views/books/marc21.ctp, line 58]
2014-09-14 16:24:47 Warning: Warning (2): Cannot unset offset in a non-array variable in [/home/rubencam/public_html/tesis/views/books/marc21.ctp, line 59]
2014-09-14 16:24:47 Warning: Warning (2): Cannot unset offset in a non-array variable in [/home/rubencam/public_html/tesis/views/books/marc21.ctp, line 60]
2014-09-14 16:24:47 Warning: Warning (2): Cannot unset offset in a non-array variable in [/home/rubencam/public_html/tesis/views/books/marc21.ctp, line 61]
2014-09-14 16:24:47 Warning: Warning (2): Cannot unset offset in a non-array variable in [/home/rubencam/public_html/tesis/views/books/marc21.ctp, line 62]
2014-09-14 16:24:47 Warning: Warning (2): Cannot unset offset in a non-array variable in [/home/rubencam/public_html/tesis/views/books/marc21.ctp, line 63]
2014-09-14 16:24:47 Warning: Warning (2): Cannot unset offset in a non-array variable in [/home/rubencam/public_html/tesis/views/books/marc21.ctp, line 64]
2014-09-14 16:24:47 Warning: Warning (2): Cannot unset offset in a non-array variable in [/home/rubencam/public_html/tesis/views/books/marc21.ctp, line 65]
2014-09-14 16:24:47 Warning: Warning (2): Invalid argument supplied for foreach() in [/home/rubencam/public_html/tesis/views/books/marc21.ctp, line 67]
2014-09-14 17:40:18 Warning: Warning (2): Cannot unset offset in a non-array variable in [/home/rubencam/public_html/tesis/views/books/marc21.ctp, line 53]
2014-09-14 17:40:18 Warning: Warning (2): Cannot unset offset in a non-array variable in [/home/rubencam/public_html/tesis/views/books/marc21.ctp, line 54]
2014-09-14 17:40:18 Warning: Warning (2): Cannot unset offset in a non-array variable in [/home/rubencam/public_html/tesis/views/books/marc21.ctp, line 55]
2014-09-14 17:40:18 Warning: Warning (2): Cannot unset offset in a non-array variable in [/home/rubencam/public_html/tesis/views/books/marc21.ctp, line 56]
2014-09-14 17:40:18 Warning: Warning (2): Cannot unset offset in a non-array variable in [/home/rubencam/public_html/tesis/views/books/marc21.ctp, line 57]
2014-09-14 17:40:18 Warning: Warning (2): Cannot unset offset in a non-array variable in [/home/rubencam/public_html/tesis/views/books/marc21.ctp, line 58]
2014-09-14 17:40:18 Warning: Warning (2): Cannot unset offset in a non-array variable in [/home/rubencam/public_html/tesis/views/books/marc21.ctp, line 59]
2014-09-14 17:40:18 Warning: Warning (2): Cannot unset offset in a non-array variable in [/home/rubencam/public_html/tesis/views/books/marc21.ctp, line 60]
2014-09-14 17:40:18 Warning: Warning (2): Cannot unset offset in a non-array variable in [/home/rubencam/public_html/tesis/views/books/marc21.ctp, line 61]
2014-09-14 17:40:18 Warning: Warning (2): Cannot unset offset in a non-array variable in [/home/rubencam/public_html/tesis/views/books/marc21.ctp, line 62]
2014-09-14 17:40:18 Warning: Warning (2): Cannot unset offset in a non-array variable in [/home/rubencam/public_html/tesis/views/books/marc21.ctp, line 63]
2014-09-14 17:40:18 Warning: Warning (2): Cannot unset offset in a non-array variable in [/home/rubencam/public_html/tesis/views/books/marc21.ctp, line 64]
2014-09-14 17:40:18 Warning: Warning (2): Cannot unset offset in a non-array variable in [/home/rubencam/public_html/tesis/views/books/marc21.ctp, line 65]
2014-09-14 17:40:18 Warning: Warning (2): Invalid argument supplied for foreach() in [/home/rubencam/public_html/tesis/views/books/marc21.ctp, line 67]
2014-09-14 17:40:34 Warning: Warning (2): Cannot unset offset in a non-array variable in [/home/rubencam/public_html/tesis/views/books/marc21.ctp, line 53]
2014-09-14 17:40:34 Warning: Warning (2): Cannot unset offset in a non-array variable in [/home/rubencam/public_html/tesis/views/books/marc21.ctp, line 54]
2014-09-14 17:40:34 Warning: Warning (2): Cannot unset offset in a non-array variable in [/home/rubencam/public_html/tesis/views/books/marc21.ctp, line 55]
2014-09-14 17:40:34 Warning: Warning (2): Cannot unset offset in a non-array variable in [/home/rubencam/public_html/tesis/views/books/marc21.ctp, line 56]
2014-09-14 17:40:34 Warning: Warning (2): Cannot unset offset in a non-array variable in [/home/rubencam/public_html/tesis/views/books/marc21.ctp, line 57]
2014-09-14 17:40:34 Warning: Warning (2): Cannot unset offset in a non-array variable in [/home/rubencam/public_html/tesis/views/books/marc21.ctp, line 58]
2014-09-14 17:40:34 Warning: Warning (2): Cannot unset offset in a non-array variable in [/home/rubencam/public_html/tesis/views/books/marc21.ctp, line 59]
2014-09-14 17:40:34 Warning: Warning (2): Cannot unset offset in a non-array variable in [/home/rubencam/public_html/tesis/views/books/marc21.ctp, line 60]
2014-09-14 17:40:34 Warning: Warning (2): Cannot unset offset in a non-array variable in [/home/rubencam/public_html/tesis/views/books/marc21.ctp, line 61]
2014-09-14 17:40:34 Warning: Warning (2): Cannot unset offset in a non-array variable in [/home/rubencam/public_html/tesis/views/books/marc21.ctp, line 62]
2014-09-14 17:40:34 Warning: Warning (2): Cannot unset offset in a non-array variable in [/home/rubencam/public_html/tesis/views/books/marc21.ctp, line 63]
2014-09-14 17:40:34 Warning: Warning (2): Cannot unset offset in a non-array variable in [/home/rubencam/public_html/tesis/views/books/marc21.ctp, line 64]
2014-09-14 17:40:34 Warning: Warning (2): Cannot unset offset in a non-array variable in [/home/rubencam/public_html/tesis/views/books/marc21.ctp, line 65]
2014-09-14 17:40:34 Warning: Warning (2): Invalid argument supplied for foreach() in [/home/rubencam/public_html/tesis/views/books/marc21.ctp, line 67]
2014-09-17 11:53:52 Warning: Warning (2): mysql_connect() [<a href='http://php.net/function.mysql-connect'>function.mysql-connect</a>]: Access denied for user 'rubencam_tesis'@'localhost' (using password: YES) in [C:\Program Files (x86)\Apache Software Foundation\Apache2.2\htdocs\cake_1.3.20\cake\libs\model\datasources\dbo\dbo_mysql.php, line 561]
2014-09-17 11:53:52 Warning: Warning (2): mysql_query() expects parameter 2 to be resource, boolean given in [C:\Program Files (x86)\Apache Software Foundation\Apache2.2\htdocs\cake_1.3.20\cake\libs\model\datasources\dbo\dbo_mysql.php, line 613]
2014-09-17 11:53:52 Warning: Warning (2): Cannot modify header information - headers already sent by (output started at C:\Program Files (x86)\Apache Software Foundation\Apache2.2\htdocs\cake_1.3.20\cake\libs\debugger.php:686) in [C:\Program Files (x86)\Apache Software Foundation\Apache2.2\htdocs\cake_1.3.20\cake\libs\controller\controller.php, line 742]
